[debug] [2020-01-23T05:32:12.468Z] ----------------------------------------------------------------------
[debug] [2020-01-23T05:32:12.478Z] Command:       /usr/bin/node /home/daniel/.npm-global/bin/firebase init
[debug] [2020-01-23T05:32:12.478Z] CLI Version:   7.10.0
[debug] [2020-01-23T05:32:12.479Z] Platform:      linux
[debug] [2020-01-23T05:32:12.479Z] Node Version:  v12.13.1
[debug] [2020-01-23T05:32:12.480Z] Time:          Thu Jan 23 2020 12:32:12 GMT+0700 (Western Indonesia Time)
[debug] [2020-01-23T05:32:12.481Z] ----------------------------------------------------------------------
[debug] [2020-01-23T05:32:12.481Z] 
[debug] [2020-01-23T05:32:12.502Z] > command requires scopes: ["email","openid","https://www.googleapis.com/auth/cloudplatformprojects.readonly","https://www.googleapis.com/auth/firebase","https://www.googleapis.com/auth/cloud-platform"]
[debug] [2020-01-23T05:32:12.502Z] > authorizing via signed-in user
[info] 
     ######## #### ########  ######## ########     ###     ######  ########
     ##        ##  ##     ## ##       ##     ##  ##   ##  ##       ##
     ######    ##  ########  ######   ########  #########  ######  ######
     ##        ##  ##    ##  ##       ##     ## ##     ##       ## ##
     ##       #### ##     ## ######## ########  ##     ##  ######  ########

You're about to initialize a Firebase project in this directory:

  /home/daniel/phase2-reborn/week-3/kanban/client

[info] 
=== Project Setup
[info] 
[info] First, let's associate this project directory with a Firebase project.
[info] You can create multiple project aliases by running firebase use --add, 
[info] but for now we'll just set up a default project.
[info] 
[debug] [2020-01-23T05:32:29.073Z] ----------------------------------------------------------------------
[debug] [2020-01-23T05:32:29.074Z] Command:       /usr/bin/node /home/daniel/.npm-global/bin/firebase init
[debug] [2020-01-23T05:32:29.074Z] CLI Version:   7.10.0
[debug] [2020-01-23T05:32:29.074Z] Platform:      linux
[debug] [2020-01-23T05:32:29.075Z] Node Version:  v12.13.1
[debug] [2020-01-23T05:32:29.075Z] Time:          Thu Jan 23 2020 12:32:29 GMT+0700 (Western Indonesia Time)
[debug] [2020-01-23T05:32:29.075Z] ----------------------------------------------------------------------
[debug] [2020-01-23T05:32:29.075Z] 
[debug] [2020-01-23T05:32:29.079Z] > command requires scopes: ["email","openid","https://www.googleapis.com/auth/cloudplatformprojects.readonly","https://www.googleapis.com/auth/firebase","https://www.googleapis.com/auth/cloud-platform"]
[debug] [2020-01-23T05:32:29.079Z] > authorizing via signed-in user
[info] 
     ######## #### ########  ######## ########     ###     ######  ########
     ##        ##  ##     ## ##       ##     ##  ##   ##  ##       ##
     ######    ##  ########  ######   ########  #########  ######  ######
     ##        ##  ##    ##  ##       ##     ## ##     ##       ## ##
     ##       #### ##     ## ######## ########  ##     ##  ######  ########

You're about to initialize a Firebase project in this directory:

  /home/daniel/phase2-reborn/week-3/kanban/client

